<?xml version="1.0" encoding="UTF-8"?>
<coverage generated="1779627640755" clover="3.2.0">
  <project timestamp="1779627640755" name="All files">
    <metrics statements="95" coveredstatements="95" conditionals="64" coveredconditionals="57" methods="29" coveredmethods="29" elements="188" coveredelements="181" complexity="0" loc="95" ncloc="95" packages="2" files="9" classes="9"/>
    <package name="constants">
      <metrics statements="18" coveredstatements="18" conditionals="12" coveredconditionals="10" methods="2" coveredmethods="2"/>
      <file name="feedUrls.ts" path="/Users/Heineken/Code/job-radar/src/constants/feedUrls.ts">
        <metrics statements="15" coveredstatements="15" conditionals="10" coveredconditionals="9" methods="1" coveredmethods="1"/>
        <line num="3" count="1" type="stmt"/>
        <line num="8" count="1" type="stmt"/>
        <line num="15" count="12" type="cond" truecount="2" falsecount="0"/>
        <line num="16" count="12" type="stmt"/>
        <line num="20" count="12" type="cond" truecount="2" falsecount="0"/>
        <line num="21" count="10" type="stmt"/>
        <line num="31" count="12" type="stmt"/>
        <line num="32" count="12" type="cond" truecount="4" falsecount="0"/>
        <line num="34" count="6" type="stmt"/>
        <line num="40" count="6" type="cond" truecount="1" falsecount="1"/>
        <line num="42" count="6" type="stmt"/>
        <line num="50" count="12" type="stmt"/>
        <line num="53" count="1" type="stmt"/>
        <line num="63" count="1" type="stmt"/>
        <line num="73" count="1" type="stmt"/>
      </file>
      <file name="skillDictionary.ts" path="/Users/Heineken/Code/job-radar/src/constants/skillDictionary.ts">
        <metrics statements="1" coveredstatements="1" conditionals="0" coveredconditionals="0" methods="0" coveredmethods="0"/>
        <line num="3" count="2" type="stmt"/>
      </file>
      <file name="trainingMap.ts" path="/Users/Heineken/Code/job-radar/src/constants/trainingMap.ts">
        <metrics statements="2" coveredstatements="2" conditionals="2" coveredconditionals="1" methods="1" coveredmethods="1"/>
        <line num="5" count="1" type="stmt"/>
        <line num="254" count="8" type="cond" truecount="1" falsecount="1"/>
      </file>
    </package>
    <package name="lib">
      <metrics statements="77" coveredstatements="77" conditionals="52" coveredconditionals="47" methods="27" coveredmethods="27"/>
      <file name="gapAnalyser.ts" path="/Users/Heineken/Code/job-radar/src/lib/gapAnalyser.ts">
        <metrics statements="8" coveredstatements="8" conditionals="4" coveredconditionals="4" methods="3" coveredmethods="3"/>
        <line num="5" count="7" type="stmt"/>
        <line num="7" count="7" type="stmt"/>
        <line num="8" count="10" type="stmt"/>
        <line num="9" count="16" type="cond" truecount="2" falsecount="0"/>
        <line num="10" count="13" type="cond" truecount="2" falsecount="0"/>
        <line num="15" count="7" type="stmt"/>
        <line num="16" count="3" type="stmt"/>
        <line num="17" count="8" type="stmt"/>
      </file>
      <file name="jobParser.ts" path="/Users/Heineken/Code/job-radar/src/lib/jobParser.ts">
        <metrics statements="23" coveredstatements="23" conditionals="16" coveredconditionals="13" methods="6" coveredmethods="6"/>
        <line num="5" count="15" type="stmt"/>
        <line num="6" count="15" type="stmt"/>
        <line num="7" count="405" type="stmt"/>
        <line num="8" count="405" type="stmt"/>
        <line num="9" count="405" type="stmt"/>
        <line num="11" count="15" type="stmt"/>
        <line num="16" count="15" type="stmt"/>
        <line num="17" count="15" type="stmt"/>
        <line num="18" count="24" type="cond" truecount="2" falsecount="0"/>
        <line num="19" count="12" type="stmt"/>
        <line num="20" count="12" type="cond" truecount="1" falsecount="1"/>
        <line num="23" count="3" type="cond" truecount="1" falsecount="1"/>
        <line num="27" count="15" type="stmt"/>
        <line num="28" count="15" type="stmt"/>
        <line num="29" count="24" type="cond" truecount="2" falsecount="0"/>
        <line num="30" count="12" type="stmt"/>
        <line num="33" count="3" type="stmt"/>
        <line num="38" count="15" type="cond" truecount="2" falsecount="0"/>
        <line num="42" count="15" type="stmt"/>
        <line num="43" count="15" type="stmt"/>
        <line num="44" count="36" type="stmt"/>
        <line num="46" count="15" type="cond" truecount="2" falsecount="0"/>
        <line num="50" count="15" type="stmt"/>
      </file>
      <file name="scorer.ts" path="/Users/Heineken/Code/job-radar/src/lib/scorer.ts">
        <metrics statements="14" coveredstatements="14" conditionals="14" coveredconditionals="12" methods="6" coveredmethods="6"/>
        <line num="4" count="7" type="cond" truecount="2" falsecount="0"/>
        <line num="5" count="1" type="stmt"/>
        <line num="7" count="10" type="stmt"/>
        <line num="8" count="6" type="stmt"/>
        <line num="9" count="6" type="stmt"/>
        <line num="13" count="2" type="stmt"/>
        <line num="17" count="4" type="cond" truecount="2" falsecount="0"/>
        <line num="18" count="3" type="cond" truecount="2" falsecount="0"/>
        <line num="19" count="2" type="cond" truecount="2" falsecount="0"/>
        <line num="20" count="1" type="stmt"/>
        <line num="24" count="2" type="cond" truecount="2" falsecount="0"/>
        <line num="25" count="1" type="cond" truecount="1" falsecount="1"/>
        <line num="26" count="1" type="cond" truecount="1" falsecount="1"/>
        <line num="27" count="1" type="stmt"/>
      </file>
      <file name="skillExtractor.ts" path="/Users/Heineken/Code/job-radar/src/lib/skillExtractor.ts">
        <metrics statements="7" coveredstatements="7" conditionals="5" coveredconditionals="5" methods="6" coveredmethods="6"/>
        <line num="6" count="1862" type="cond" truecount="4" falsecount="0"/>
        <line num="7" count="525" type="stmt"/>
        <line num="9" count="1337" type="stmt"/>
        <line num="13" count="1862" type="stmt"/>
        <line num="17" count="24" type="stmt"/>
        <line num="18" count="600" type="stmt"/>
        <line num="19" count="44" type="stmt"/>
      </file>
      <file name="storage.ts" path="/Users/Heineken/Code/job-radar/src/lib/storage.ts">
        <metrics statements="16" coveredstatements="16" conditionals="7" coveredconditionals="7" methods="4" coveredmethods="4"/>
        <line num="13" count="1" type="stmt"/>
        <line num="15" count="1" type="stmt"/>
        <line num="23" count="11" type="stmt"/>
        <line num="24" count="11" type="stmt"/>
        <line num="25" count="11" type="cond" truecount="2" falsecount="0"/>
        <line num="26" count="5" type="stmt"/>
        <line num="28" count="1" type="stmt"/>
        <line num="33" count="5" type="stmt"/>
        <line num="35" count="5" type="stmt"/>
        <line num="36" count="5" type="cond" truecount="2" falsecount="0"/>
        <line num="37" count="1" type="stmt"/>
        <line num="38" count="1" type="stmt"/>
        <line num="40" count="5" type="stmt"/>
        <line num="44" count="1" type="stmt"/>
        <line num="49" count="5" type="cond" truecount="2" falsecount="0"/>
        <line num="50" count="4" type="stmt"/>
      </file>
      <file name="urlSafety.ts" path="/Users/Heineken/Code/job-radar/src/lib/urlSafety.ts">
        <metrics statements="9" coveredstatements="9" conditionals="6" coveredconditionals="6" methods="2" coveredmethods="2"/>
        <line num="6" count="1" type="stmt"/>
        <line num="13" count="8" type="cond" truecount="2" falsecount="0"/>
        <line num="14" count="5" type="stmt"/>
        <line num="15" count="5" type="stmt"/>
        <line num="16" count="5" type="cond" truecount="2" falsecount="0"/>
        <line num="18" count="1" type="stmt"/>
        <line num="23" count="1" type="stmt"/>
        <line num="26" count="7" type="stmt"/>
        <line num="27" count="7" type="cond" truecount="2" falsecount="0"/>
      </file>
    </package>
  </project>
</coverage>
