{"/Users/Heineken/Code/job-radar/src/constants/feedUrls.ts": {"path":"/Users/Heineken/Code/job-radar/src/constants/feedUrls.ts","statementMap":{"0":{"start":{"line":3,"column":44},"end":{"line":6,"column":null}},"1":{"start":{"line":8,"column":57},"end":{"line":12,"column":null}},"2":{"start":{"line":15,"column":12},"end":{"line":15,"column":null}},"3":{"start":{"line":16,"column":30},"end":{"line":16,"column":null}},"4":{"start":{"line":20,"column":2},"end":{"line":28,"column":null}},"5":{"start":{"line":21,"column":4},"end":{"line":27,"column":null}},"6":{"start":{"line":31,"column":14},"end":{"line":31,"column":null}},"7":{"start":{"line":32,"column":2},"end":{"line":48,"column":null}},"8":{"start":{"line":34,"column":4},"end":{"line":39,"column":null}},"9":{"start":{"line":40,"column":9},"end":{"line":48,"column":null}},"10":{"start":{"line":42,"column":4},"end":{"line":47,"column":null}},"11":{"start":{"line":50,"column":2},"end":{"line":50,"column":null}},"12":{"start":{"line":53,"column":53},"end":{"line":61,"column":null}},"13":{"start":{"line":63,"column":53},"end":{"line":71,"column":null}},"14":{"start":{"line":73,"column":90},"end":{"line":79,"column":null}}},"fnMap":{"0":{"name":"buildFeeds","decl":{"start":{"line":14,"column":16},"end":{"line":14,"column":27}},"loc":{"start":{"line":14,"column":63},"end":{"line":51,"column":null}},"line":14}},"branchMap":{"0":{"loc":{"start":{"line":15,"column":31},"end":{"line":15,"column":63}},"type":"binary-expr","locations":[{"start":{"line":15,"column":31},"end":{"line":15,"column":47}},{"start":{"line":15,"column":47},"end":{"line":15,"column":63}}],"line":15},"1":{"loc":{"start":{"line":20,"column":2},"end":{"line":28,"column":null}},"type":"if","locations":[{"start":{"line":20,"column":2},"end":{"line":28,"column":null}},{"start":{},"end":{}}],"line":20},"2":{"loc":{"start":{"line":32,"column":2},"end":{"line":48,"column":null}},"type":"if","locations":[{"start":{"line":32,"column":2},"end":{"line":48,"column":null}},{"start":{"line":40,"column":9},"end":{"line":48,"column":null}}],"line":32},"3":{"loc":{"start":{"line":32,"column":6},"end":{"line":32,"column":65}},"type":"binary-expr","locations":[{"start":{"line":32,"column":6},"end":{"line":32,"column":38}},{"start":{"line":32,"column":38},"end":{"line":32,"column":65}}],"line":32},"4":{"loc":{"start":{"line":40,"column":9},"end":{"line":48,"column":null}},"type":"if","locations":[{"start":{"line":40,"column":9},"end":{"line":48,"column":null}},{"start":{},"end":{}}],"line":40}},"s":{"0":1,"1":1,"2":12,"3":12,"4":12,"5":10,"6":12,"7":12,"8":6,"9":6,"10":6,"11":12,"12":1,"13":1,"14":1},"f":{"0":12},"b":{"0":[12,1],"1":[10,2],"2":[6,6],"3":[12,10],"4":[6,0]},"meta":{"lastBranch":5,"lastFunction":1,"lastStatement":15,"seen":{"s:3:44:6:Infinity":0,"s:8:57:12:Infinity":1,"f:14:16:14:27":0,"s:15:12:15:Infinity":2,"b:15:31:15:47:15:47:15:63":0,"s:16:30:16:Infinity":3,"b:20:2:28:Infinity:undefined:undefined:undefined:undefined":1,"s:20:2:28:Infinity":4,"s:21:4:27:Infinity":5,"s:31:14:31:Infinity":6,"b:32:2:48:Infinity:40:9:48:Infinity":2,"s:32:2:48:Infinity":7,"b:32:6:32:38:32:38:32:65":3,"s:34:4:39:Infinity":8,"b:40:9:48:Infinity:undefined:undefined:undefined:undefined":4,"s:40:9:48:Infinity":9,"s:42:4:47:Infinity":10,"s:50:2:50:Infinity":11,"s:53:53:61:Infinity":12,"s:63:53:71:Infinity":13,"s:73:90:79:Infinity":14}}}
,"/Users/Heineken/Code/job-radar/src/constants/skillDictionary.ts": {"path":"/Users/Heineken/Code/job-radar/src/constants/skillDictionary.ts","statementMap":{"0":{"start":{"line":3,"column":46},"end":{"line":39,"column":null}}},"fnMap":{},"branchMap":{},"s":{"0":2},"f":{},"b":{},"meta":{"lastBranch":0,"lastFunction":0,"lastStatement":1,"seen":{"s:3:46:39:Infinity":0}}}
,"/Users/Heineken/Code/job-radar/src/constants/trainingMap.ts": {"path":"/Users/Heineken/Code/job-radar/src/constants/trainingMap.ts","statementMap":{"0":{"start":{"line":5,"column":41},"end":{"line":251,"column":null}},"1":{"start":{"line":254,"column":2},"end":{"line":260,"column":null}}},"fnMap":{"0":{"name":"getTraining","decl":{"start":{"line":253,"column":16},"end":{"line":253,"column":28}},"loc":{"start":{"line":253,"column":61},"end":{"line":261,"column":null}},"line":253}},"branchMap":{"0":{"loc":{"start":{"line":254,"column":9},"end":{"line":260,"column":null}},"type":"binary-expr","locations":[{"start":{"line":254,"column":9},"end":{"line":254,"column":32}},{"start":{"line":254,"column":32},"end":{"line":260,"column":null}}],"line":254}},"s":{"0":1,"1":8},"f":{"0":8},"b":{"0":[8,0]},"meta":{"lastBranch":1,"lastFunction":1,"lastStatement":2,"seen":{"s:5:41:251:Infinity":0,"f:253:16:253:28":0,"s:254:2:260:Infinity":1,"b:254:9:254:32:254:32:260:Infinity":0}}}
,"/Users/Heineken/Code/job-radar/src/lib/gapAnalyser.ts": {"path":"/Users/Heineken/Code/job-radar/src/lib/gapAnalyser.ts","statementMap":{"0":{"start":{"line":5,"column":39},"end":{"line":5,"column":null}},"1":{"start":{"line":7,"column":2},"end":{"line":13,"column":null}},"2":{"start":{"line":8,"column":4},"end":{"line":12,"column":null}},"3":{"start":{"line":9,"column":6},"end":{"line":11,"column":null}},"4":{"start":{"line":10,"column":8},"end":{"line":10,"column":null}},"5":{"start":{"line":15,"column":2},"end":{"line":22,"column":null}},"6":{"start":{"line":16,"column":20},"end":{"line":16,"column":31}},"7":{"start":{"line":17,"column":34},"end":{"line":22,"column":6}}},"fnMap":{"0":{"name":"computeGap","decl":{"start":{"line":4,"column":16},"end":{"line":4,"column":27}},"loc":{"start":{"line":4,"column":78},"end":{"line":23,"column":null}},"line":4},"1":{"name":"(anonymous_1)","decl":{"start":{"line":16,"column":5},"end":{"line":16,"column":11}},"loc":{"start":{"line":16,"column":20},"end":{"line":16,"column":31}},"line":16},"2":{"name":"(anonymous_2)","decl":{"start":{"line":17,"column":5},"end":{"line":17,"column":10}},"loc":{"start":{"line":17,"column":34},"end":{"line":22,"column":6}},"line":17}},"branchMap":{"0":{"loc":{"start":{"line":9,"column":6},"end":{"line":11,"column":null}},"type":"if","locations":[{"start":{"line":9,"column":6},"end":{"line":11,"column":null}},{"start":{},"end":{}}],"line":9},"1":{"loc":{"start":{"line":10,"column":23},"end":{"line":10,"column":43}},"type":"binary-expr","locations":[{"start":{"line":10,"column":23},"end":{"line":10,"column":38}},{"start":{"line":10,"column":38},"end":{"line":10,"column":43}}],"line":10}},"s":{"0":7,"1":7,"2":10,"3":16,"4":13,"5":7,"6":3,"7":8},"f":{"0":7,"1":3,"2":8},"b":{"0":[13,3],"1":[13,8]},"meta":{"lastBranch":2,"lastFunction":3,"lastStatement":8,"seen":{"f:4:16:4:27":0,"s:5:39:5:Infinity":0,"s:7:2:13:Infinity":1,"s:8:4:12:Infinity":2,"b:9:6:11:Infinity:undefined:undefined:undefined:undefined":0,"s:9:6:11:Infinity":3,"s:10:8:10:Infinity":4,"b:10:23:10:38:10:38:10:43":1,"s:15:2:22:Infinity":5,"f:16:5:16:11":1,"s:16:20:16:31":6,"f:17:5:17:10":2,"s:17:34:22:6":7}}}
,"/Users/Heineken/Code/job-radar/src/lib/jobParser.ts": {"path":"/Users/Heineken/Code/job-radar/src/lib/jobParser.ts","statementMap":{"0":{"start":{"line":5,"column":13},"end":{"line":5,"column":null}},"1":{"start":{"line":6,"column":2},"end":{"line":10,"column":null}},"2":{"start":{"line":6,"column":15},"end":{"line":6,"column":18}},"3":{"start":{"line":7,"column":17},"end":{"line":7,"column":null}},"4":{"start":{"line":8,"column":4},"end":{"line":8,"column":null}},"5":{"start":{"line":9,"column":4},"end":{"line":9,"column":null}},"6":{"start":{"line":11,"column":2},"end":{"line":11,"column":null}},"7":{"start":{"line":16,"column":21},"end":{"line":16,"column":null}},"8":{"start":{"line":17,"column":2},"end":{"line":22,"column":null}},"9":{"start":{"line":18,"column":4},"end":{"line":21,"column":null}},"10":{"start":{"line":19,"column":20},"end":{"line":19,"column":null}},"11":{"start":{"line":20,"column":6},"end":{"line":20,"column":null}},"12":{"start":{"line":20,"column":28},"end":{"line":20,"column":null}},"13":{"start":{"line":23,"column":2},"end":{"line":23,"column":null}},"14":{"start":{"line":27,"column":21},"end":{"line":27,"column":null}},"15":{"start":{"line":28,"column":2},"end":{"line":32,"column":null}},"16":{"start":{"line":29,"column":4},"end":{"line":31,"column":null}},"17":{"start":{"line":30,"column":6},"end":{"line":30,"column":null}},"18":{"start":{"line":33,"column":2},"end":{"line":33,"column":null}},"19":{"start":{"line":38,"column":2},"end":{"line":38,"column":null}},"20":{"start":{"line":42,"column":21},"end":{"line":42,"column":null}},"21":{"start":{"line":43,"column":8},"end":{"line":43,"column":null}},"22":{"start":{"line":44,"column":24},"end":{"line":44,"column":null}},"23":{"start":{"line":44,"column":53},"end":{"line":44,"column":75}},"24":{"start":{"line":46,"column":4},"end":{"line":48,"column":null}},"25":{"start":{"line":50,"column":2},"end":{"line":62,"column":null}}},"fnMap":{"0":{"name":"hashString","decl":{"start":{"line":4,"column":9},"end":{"line":4,"column":20}},"loc":{"start":{"line":4,"column":41},"end":{"line":12,"column":null}},"line":4},"1":{"name":"extractCompany","decl":{"start":{"line":14,"column":9},"end":{"line":14,"column":24}},"loc":{"start":{"line":14,"column":69},"end":{"line":24,"column":null}},"line":14},"2":{"name":"extractTitle","decl":{"start":{"line":26,"column":9},"end":{"line":26,"column":22}},"loc":{"start":{"line":26,"column":48},"end":{"line":34,"column":null}},"line":26},"3":{"name":"truncateDescription","decl":{"start":{"line":37,"column":9},"end":{"line":37,"column":29}},"loc":{"start":{"line":37,"column":51},"end":{"line":39,"column":null}},"line":37},"4":{"name":"parseJobFromRss","decl":{"start":{"line":41,"column":16},"end":{"line":41,"column":32}},"loc":{"start":{"line":41,"column":96},"end":{"line":63,"column":null}},"line":41},"5":{"name":"(anonymous_5)","decl":{"start":{"line":44,"column":39},"end":{"line":44,"column":47}},"loc":{"start":{"line":44,"column":53},"end":{"line":44,"column":75}},"line":44}},"branchMap":{"0":{"loc":{"start":{"line":18,"column":4},"end":{"line":21,"column":null}},"type":"if","locations":[{"start":{"line":18,"column":4},"end":{"line":21,"column":null}},{"start":{},"end":{}}],"line":18},"1":{"loc":{"start":{"line":20,"column":6},"end":{"line":20,"column":null}},"type":"if","locations":[{"start":{"line":20,"column":6},"end":{"line":20,"column":null}},{"start":{},"end":{}}],"line":20},"2":{"loc":{"start":{"line":23,"column":9},"end":{"line":23,"column":null}},"type":"cond-expr","locations":[{"start":{"line":23,"column":31},"end":{"line":23,"column":43}},{"start":{"line":23,"column":43},"end":{"line":23,"column":null}}],"line":23},"3":{"loc":{"start":{"line":29,"column":4},"end":{"line":31,"column":null}},"type":"if","locations":[{"start":{"line":29,"column":4},"end":{"line":31,"column":null}},{"start":{},"end":{}}],"line":29},"4":{"loc":{"start":{"line":38,"column":9},"end":{"line":38,"column":null}},"type":"cond-expr","locations":[{"start":{"line":38,"column":29},"end":{"line":38,"column":56}},{"start":{"line":38,"column":56},"end":{"line":38,"column":null}}],"line":38},"5":{"loc":{"start":{"line":46,"column":4},"end":{"line":48,"column":null}},"type":"cond-expr","locations":[{"start":{"line":47,"column":8},"end":{"line":47,"column":null}},{"start":{"line":48,"column":8},"end":{"line":48,"column":null}}],"line":46},"6":{"loc":{"start":{"line":51,"column":19},"end":{"line":51,"column":42}},"type":"binary-expr","locations":[{"start":{"line":51,"column":19},"end":{"line":51,"column":32}},{"start":{"line":51,"column":32},"end":{"line":51,"column":42}}],"line":51},"7":{"loc":{"start":{"line":54,"column":14},"end":{"line":54,"column":null}},"type":"binary-expr","locations":[{"start":{"line":54,"column":14},"end":{"line":54,"column":31}},{"start":{"line":54,"column":31},"end":{"line":54,"column":null}}],"line":54}},"s":{"0":15,"1":15,"2":15,"3":405,"4":405,"5":405,"6":15,"7":15,"8":15,"9":24,"10":12,"11":12,"12":12,"13":3,"14":15,"15":15,"16":24,"17":12,"18":3,"19":15,"20":15,"21":15,"22":15,"23":36,"24":15,"25":15},"f":{"0":15,"1":15,"2":15,"3":15,"4":15,"5":36},"b":{"0":[12,12],"1":[12,0],"2":[0,3],"3":[12,12],"4":[1,14],"5":[12,3],"6":[15,0],"7":[15,14]},"meta":{"lastBranch":8,"lastFunction":6,"lastStatement":26,"seen":{"f:4:9:4:20":0,"s:5:13:5:Infinity":0,"s:6:2:10:Infinity":1,"s:6:15:6:18":2,"s:7:17:7:Infinity":3,"s:8:4:8:Infinity":4,"s:9:4:9:Infinity":5,"s:11:2:11:Infinity":6,"f:14:9:14:24":1,"s:16:21:16:Infinity":7,"s:17:2:22:Infinity":8,"b:18:4:21:Infinity:undefined:undefined:undefined:undefined":0,"s:18:4:21:Infinity":9,"s:19:20:19:Infinity":10,"b:20:6:20:Infinity:undefined:undefined:undefined:undefined":1,"s:20:6:20:Infinity":11,"s:20:28:20:Infinity":12,"s:23:2:23:Infinity":13,"b:23:31:23:43:23:43:23:Infinity":2,"f:26:9:26:22":2,"s:27:21:27:Infinity":14,"s:28:2:32:Infinity":15,"b:29:4:31:Infinity:undefined:undefined:undefined:undefined":3,"s:29:4:31:Infinity":16,"s:30:6:30:Infinity":17,"s:33:2:33:Infinity":18,"f:37:9:37:29":3,"s:38:2:38:Infinity":19,"b:38:29:38:56:38:56:38:Infinity":4,"f:41:16:41:32":4,"s:42:21:42:Infinity":20,"s:43:8:43:Infinity":21,"s:44:24:44:Infinity":22,"f:44:39:44:47":5,"s:44:53:44:75":23,"s:46:4:48:Infinity":24,"b:47:8:47:Infinity:48:8:48:Infinity":5,"s:50:2:62:Infinity":25,"b:51:19:51:32:51:32:51:42":6,"b:54:14:54:31:54:31:54:Infinity":7}}}
,"/Users/Heineken/Code/job-radar/src/lib/scorer.ts": {"path":"/Users/Heineken/Code/job-radar/src/lib/scorer.ts","statementMap":{"0":{"start":{"line":4,"column":2},"end":{"line":6,"column":null}},"1":{"start":{"line":5,"column":4},"end":{"line":5,"column":null}},"2":{"start":{"line":7,"column":24},"end":{"line":7,"column":null}},"3":{"start":{"line":7,"column":57},"end":{"line":7,"column":79}},"4":{"start":{"line":8,"column":21},"end":{"line":8,"column":null}},"5":{"start":{"line":9,"column":2},"end":{"line":9,"column":null}},"6":{"start":{"line":13,"column":2},"end":{"line":13,"column":null}},"7":{"start":{"line":13,"column":25},"end":{"line":13,"column":50}},"8":{"start":{"line":17,"column":2},"end":{"line":17,"column":null}},"9":{"start":{"line":17,"column":19},"end":{"line":17,"column":null}},"10":{"start":{"line":18,"column":2},"end":{"line":18,"column":null}},"11":{"start":{"line":18,"column":19},"end":{"line":18,"column":null}},"12":{"start":{"line":19,"column":2},"end":{"line":19,"column":null}},"13":{"start":{"line":19,"column":19},"end":{"line":19,"column":null}},"14":{"start":{"line":20,"column":2},"end":{"line":20,"column":null}},"15":{"start":{"line":24,"column":2},"end":{"line":24,"column":null}},"16":{"start":{"line":24,"column":19},"end":{"line":24,"column":null}},"17":{"start":{"line":25,"column":2},"end":{"line":25,"column":null}},"18":{"start":{"line":25,"column":19},"end":{"line":25,"column":null}},"19":{"start":{"line":26,"column":2},"end":{"line":26,"column":null}},"20":{"start":{"line":26,"column":19},"end":{"line":26,"column":null}},"21":{"start":{"line":27,"column":2},"end":{"line":27,"column":null}}},"fnMap":{"0":{"name":"rescoreJob","decl":{"start":{"line":3,"column":16},"end":{"line":3,"column":27}},"loc":{"start":{"line":3,"column":64},"end":{"line":10,"column":null}},"line":3},"1":{"name":"(anonymous_1)","decl":{"start":{"line":7,"column":43},"end":{"line":7,"column":51}},"loc":{"start":{"line":7,"column":57},"end":{"line":7,"column":79}},"line":7},"2":{"name":"rescoreAll","decl":{"start":{"line":12,"column":16},"end":{"line":12,"column":27}},"loc":{"start":{"line":12,"column":69},"end":{"line":14,"column":null}},"line":12},"3":{"name":"(anonymous_3)","decl":{"start":{"line":13,"column":14},"end":{"line":13,"column":19}},"loc":{"start":{"line":13,"column":25},"end":{"line":13,"column":50}},"line":13},"4":{"name":"scoreLabel","decl":{"start":{"line":16,"column":16},"end":{"line":16,"column":27}},"loc":{"start":{"line":16,"column":50},"end":{"line":21,"column":null}},"line":16},"5":{"name":"scoreColor","decl":{"start":{"line":23,"column":16},"end":{"line":23,"column":27}},"loc":{"start":{"line":23,"column":50},"end":{"line":28,"column":null}},"line":23}},"branchMap":{"0":{"loc":{"start":{"line":4,"column":2},"end":{"line":6,"column":null}},"type":"if","locations":[{"start":{"line":4,"column":2},"end":{"line":6,"column":null}},{"start":{},"end":{}}],"line":4},"1":{"loc":{"start":{"line":17,"column":2},"end":{"line":17,"column":null}},"type":"if","locations":[{"start":{"line":17,"column":2},"end":{"line":17,"column":null}},{"start":{},"end":{}}],"line":17},"2":{"loc":{"start":{"line":18,"column":2},"end":{"line":18,"column":null}},"type":"if","locations":[{"start":{"line":18,"column":2},"end":{"line":18,"column":null}},{"start":{},"end":{}}],"line":18},"3":{"loc":{"start":{"line":19,"column":2},"end":{"line":19,"column":null}},"type":"if","locations":[{"start":{"line":19,"column":2},"end":{"line":19,"column":null}},{"start":{},"end":{}}],"line":19},"4":{"loc":{"start":{"line":24,"column":2},"end":{"line":24,"column":null}},"type":"if","locations":[{"start":{"line":24,"column":2},"end":{"line":24,"column":null}},{"start":{},"end":{}}],"line":24},"5":{"loc":{"start":{"line":25,"column":2},"end":{"line":25,"column":null}},"type":"if","locations":[{"start":{"line":25,"column":2},"end":{"line":25,"column":null}},{"start":{},"end":{}}],"line":25},"6":{"loc":{"start":{"line":26,"column":2},"end":{"line":26,"column":null}},"type":"if","locations":[{"start":{"line":26,"column":2},"end":{"line":26,"column":null}},{"start":{},"end":{}}],"line":26}},"s":{"0":7,"1":1,"2":6,"3":10,"4":6,"5":6,"6":2,"7":2,"8":4,"9":1,"10":3,"11":1,"12":2,"13":2,"14":1,"15":2,"16":1,"17":1,"18":0,"19":1,"20":0,"21":1},"f":{"0":7,"1":10,"2":2,"3":2,"4":4,"5":2},"b":{"0":[1,6],"1":[1,3],"2":[1,2],"3":[1,1],"4":[1,1],"5":[0,1],"6":[0,1]},"meta":{"lastBranch":7,"lastFunction":6,"lastStatement":22,"seen":{"f:3:16:3:27":0,"b:4:2:6:Infinity:undefined:undefined:undefined:undefined":0,"s:4:2:6:Infinity":0,"s:5:4:5:Infinity":1,"s:7:24:7:Infinity":2,"f:7:43:7:51":1,"s:7:57:7:79":3,"s:8:21:8:Infinity":4,"s:9:2:9:Infinity":5,"f:12:16:12:27":2,"s:13:2:13:Infinity":6,"f:13:14:13:19":3,"s:13:25:13:50":7,"f:16:16:16:27":4,"b:17:2:17:Infinity:undefined:undefined:undefined:undefined":1,"s:17:2:17:Infinity":8,"s:17:19:17:Infinity":9,"b:18:2:18:Infinity:undefined:undefined:undefined:undefined":2,"s:18:2:18:Infinity":10,"s:18:19:18:Infinity":11,"b:19:2:19:Infinity:undefined:undefined:undefined:undefined":3,"s:19:2:19:Infinity":12,"s:19:19:19:Infinity":13,"s:20:2:20:Infinity":14,"f:23:16:23:27":5,"b:24:2:24:Infinity:undefined:undefined:undefined:undefined":4,"s:24:2:24:Infinity":15,"s:24:19:24:Infinity":16,"b:25:2:25:Infinity:undefined:undefined:undefined:undefined":5,"s:25:2:25:Infinity":17,"s:25:19:25:Infinity":18,"b:26:2:26:Infinity:undefined:undefined:undefined:undefined":6,"s:26:2:26:Infinity":19,"s:26:19:26:Infinity":20,"s:27:2:27:Infinity":21}}}
,"/Users/Heineken/Code/job-radar/src/lib/skillExtractor.ts": {"path":"/Users/Heineken/Code/job-radar/src/lib/skillExtractor.ts","statementMap":{"0":{"start":{"line":6,"column":2},"end":{"line":8,"column":null}},"1":{"start":{"line":7,"column":4},"end":{"line":7,"column":null}},"2":{"start":{"line":9,"column":2},"end":{"line":9,"column":null}},"3":{"start":{"line":13,"column":2},"end":{"line":13,"column":null}},"4":{"start":{"line":13,"column":39},"end":{"line":13,"column":87}},"5":{"start":{"line":17,"column":2},"end":{"line":19,"column":null}},"6":{"start":{"line":18,"column":23},"end":{"line":18,"column":48}},"7":{"start":{"line":19,"column":20},"end":{"line":19,"column":35}}},"fnMap":{"0":{"name":"buildPattern","decl":{"start":{"line":4,"column":9},"end":{"line":4,"column":22}},"loc":{"start":{"line":4,"column":66},"end":{"line":10,"column":null}},"line":4},"1":{"name":"matchesSkill","decl":{"start":{"line":12,"column":9},"end":{"line":12,"column":22}},"loc":{"start":{"line":12,"column":64},"end":{"line":14,"column":null}},"line":12},"2":{"name":"(anonymous_2)","decl":{"start":{"line":13,"column":23},"end":{"line":13,"column":29}},"loc":{"start":{"line":13,"column":39},"end":{"line":13,"column":87}},"line":13},"3":{"name":"extractSkills","decl":{"start":{"line":16,"column":16},"end":{"line":16,"column":30}},"loc":{"start":{"line":16,"column":99},"end":{"line":20,"column":null}},"line":16},"4":{"name":"(anonymous_4)","decl":{"start":{"line":18,"column":5},"end":{"line":18,"column":13}},"loc":{"start":{"line":18,"column":23},"end":{"line":18,"column":48}},"line":18},"5":{"name":"(anonymous_5)","decl":{"start":{"line":19,"column":5},"end":{"line":19,"column":10}},"loc":{"start":{"line":19,"column":20},"end":{"line":19,"column":35}},"line":19}},"branchMap":{"0":{"loc":{"start":{"line":6,"column":2},"end":{"line":8,"column":null}},"type":"if","locations":[{"start":{"line":6,"column":2},"end":{"line":8,"column":null}},{"start":{},"end":{}}],"line":6},"1":{"loc":{"start":{"line":6,"column":6},"end":{"line":6,"column":38}},"type":"binary-expr","locations":[{"start":{"line":6,"column":6},"end":{"line":6,"column":20}},{"start":{"line":6,"column":20},"end":{"line":6,"column":38}}],"line":6},"2":{"loc":{"start":{"line":16,"column":44},"end":{"line":16,"column":99}},"type":"default-arg","locations":[{"start":{"line":16,"column":71},"end":{"line":16,"column":99}}],"line":16}},"s":{"0":1862,"1":525,"2":1337,"3":600,"4":1862,"5":24,"6":600,"7":44},"f":{"0":1862,"1":600,"2":1862,"3":24,"4":600,"5":44},"b":{"0":[525,1337],"1":[1862,1473],"2":[24]},"meta":{"lastBranch":3,"lastFunction":6,"lastStatement":8,"seen":{"f:4:9:4:22":0,"b:6:2:8:Infinity:undefined:undefined:undefined:undefined":0,"s:6:2:8:Infinity":0,"b:6:6:6:20:6:20:6:38":1,"s:7:4:7:Infinity":1,"s:9:2:9:Infinity":2,"f:12:9:12:22":1,"s:13:2:13:Infinity":3,"f:13:23:13:29":2,"s:13:39:13:87":4,"f:16:16:16:30":3,"b:16:71:16:99":2,"s:17:2:19:Infinity":5,"f:18:5:18:13":4,"s:18:23:18:48":6,"f:19:5:19:10":5,"s:19:20:19:35":7}}}
,"/Users/Heineken/Code/job-radar/src/lib/storage.ts": {"path":"/Users/Heineken/Code/job-radar/src/lib/storage.ts","statementMap":{"0":{"start":{"line":13,"column":12},"end":{"line":13,"column":null}},"1":{"start":{"line":15,"column":28},"end":{"line":20,"column":null}},"2":{"start":{"line":23,"column":2},"end":{"line":29,"column":null}},"3":{"start":{"line":24,"column":16},"end":{"line":24,"column":null}},"4":{"start":{"line":25,"column":4},"end":{"line":25,"column":null}},"5":{"start":{"line":25,"column":14},"end":{"line":25,"column":null}},"6":{"start":{"line":26,"column":4},"end":{"line":26,"column":null}},"7":{"start":{"line":28,"column":4},"end":{"line":28,"column":null}},"8":{"start":{"line":33,"column":18},"end":{"line":33,"column":null}},"9":{"start":{"line":35,"column":20},"end":{"line":35,"column":null}},"10":{"start":{"line":36,"column":2},"end":{"line":39,"column":null}},"11":{"start":{"line":37,"column":50},"end":{"line":37,"column":null}},"12":{"start":{"line":38,"column":4},"end":{"line":38,"column":null}},"13":{"start":{"line":40,"column":2},"end":{"line":40,"column":null}},"14":{"start":{"line":44,"column":2},"end":{"line":44,"column":null}},"15":{"start":{"line":49,"column":2},"end":{"line":49,"column":null}},"16":{"start":{"line":49,"column":30},"end":{"line":49,"column":null}},"17":{"start":{"line":50,"column":2},"end":{"line":50,"column":null}}},"fnMap":{"0":{"name":"loadStorage","decl":{"start":{"line":22,"column":16},"end":{"line":22,"column":42}},"loc":{"start":{"line":22,"column":42},"end":{"line":30,"column":null}},"line":22},"1":{"name":"saveStorage","decl":{"start":{"line":32,"column":16},"end":{"line":32,"column":28}},"loc":{"start":{"line":32,"column":61},"end":{"line":41,"column":null}},"line":32},"2":{"name":"clearStorage","decl":{"start":{"line":43,"column":16},"end":{"line":43,"column":37}},"loc":{"start":{"line":43,"column":37},"end":{"line":45,"column":null}},"line":43},"3":{"name":"isCacheStale","decl":{"start":{"line":48,"column":16},"end":{"line":48,"column":29}},"loc":{"start":{"line":48,"column":96},"end":{"line":51,"column":null}},"line":48}},"branchMap":{"0":{"loc":{"start":{"line":25,"column":4},"end":{"line":25,"column":null}},"type":"if","locations":[{"start":{"line":25,"column":4},"end":{"line":25,"column":null}},{"start":{},"end":{}}],"line":25},"1":{"loc":{"start":{"line":36,"column":2},"end":{"line":39,"column":null}},"type":"if","locations":[{"start":{"line":36,"column":2},"end":{"line":39,"column":null}},{"start":{},"end":{}}],"line":36},"2":{"loc":{"start":{"line":48,"column":59},"end":{"line":48,"column":96}},"type":"default-arg","locations":[{"start":{"line":48,"column":67},"end":{"line":48,"column":96}}],"line":48},"3":{"loc":{"start":{"line":49,"column":2},"end":{"line":49,"column":null}},"type":"if","locations":[{"start":{"line":49,"column":2},"end":{"line":49,"column":null}},{"start":{},"end":{}}],"line":49}},"s":{"0":1,"1":1,"2":11,"3":11,"4":11,"5":6,"6":5,"7":1,"8":5,"9":5,"10":5,"11":1,"12":1,"13":5,"14":1,"15":5,"16":1,"17":4},"f":{"0":11,"1":5,"2":1,"3":5},"b":{"0":[6,5],"1":[1,4],"2":[5],"3":[1,4]},"meta":{"lastBranch":4,"lastFunction":4,"lastStatement":18,"seen":{"s:13:12:13:Infinity":0,"s:15:28:20:Infinity":1,"f:22:16:22:42":0,"s:23:2:29:Infinity":2,"s:24:16:24:Infinity":3,"b:25:4:25:Infinity:undefined:undefined:undefined:undefined":0,"s:25:4:25:Infinity":4,"s:25:14:25:Infinity":5,"s:26:4:26:Infinity":6,"s:28:4:28:Infinity":7,"f:32:16:32:28":1,"s:33:18:33:Infinity":8,"s:35:20:35:Infinity":9,"b:36:2:39:Infinity:undefined:undefined:undefined:undefined":1,"s:36:2:39:Infinity":10,"s:37:50:37:Infinity":11,"s:38:4:38:Infinity":12,"s:40:2:40:Infinity":13,"f:43:16:43:37":2,"s:44:2:44:Infinity":14,"f:48:16:48:29":3,"b:48:67:48:96":2,"b:49:2:49:Infinity:undefined:undefined:undefined:undefined":3,"s:49:2:49:Infinity":15,"s:49:30:49:Infinity":16,"s:50:2:50:Infinity":17}}}
,"/Users/Heineken/Code/job-radar/src/lib/urlSafety.ts": {"path":"/Users/Heineken/Code/job-radar/src/lib/urlSafety.ts","statementMap":{"0":{"start":{"line":6,"column":26},"end":{"line":6,"column":null}},"1":{"start":{"line":13,"column":2},"end":{"line":13,"column":null}},"2":{"start":{"line":13,"column":12},"end":{"line":13,"column":null}},"3":{"start":{"line":14,"column":2},"end":{"line":19,"column":null}},"4":{"start":{"line":15,"column":19},"end":{"line":15,"column":null}},"5":{"start":{"line":16,"column":4},"end":{"line":16,"column":null}},"6":{"start":{"line":18,"column":4},"end":{"line":18,"column":null}},"7":{"start":{"line":23,"column":22},"end":{"line":23,"column":null}},"8":{"start":{"line":26,"column":18},"end":{"line":26,"column":null}},"9":{"start":{"line":27,"column":2},"end":{"line":27,"column":null}}},"fnMap":{"0":{"name":"safeHref","decl":{"start":{"line":12,"column":16},"end":{"line":12,"column":25}},"loc":{"start":{"line":12,"column":65},"end":{"line":20,"column":null}},"line":12},"1":{"name":"sanitiseSkill","decl":{"start":{"line":25,"column":16},"end":{"line":25,"column":30}},"loc":{"start":{"line":25,"column":51},"end":{"line":28,"column":null}},"line":25}},"branchMap":{"0":{"loc":{"start":{"line":13,"column":2},"end":{"line":13,"column":null}},"type":"if","locations":[{"start":{"line":13,"column":2},"end":{"line":13,"column":null}},{"start":{},"end":{}}],"line":13},"1":{"loc":{"start":{"line":16,"column":11},"end":{"line":16,"column":null}},"type":"cond-expr","locations":[{"start":{"line":16,"column":57},"end":{"line":16,"column":63}},{"start":{"line":16,"column":63},"end":{"line":16,"column":null}}],"line":16},"2":{"loc":{"start":{"line":27,"column":9},"end":{"line":27,"column":null}},"type":"cond-expr","locations":[{"start":{"line":27,"column":39},"end":{"line":27,"column":49}},{"start":{"line":27,"column":49},"end":{"line":27,"column":null}}],"line":27}},"s":{"0":1,"1":8,"2":3,"3":5,"4":5,"5":5,"6":1,"7":1,"8":7,"9":7},"f":{"0":8,"1":7},"b":{"0":[3,5],"1":[2,2],"2":[4,3]},"meta":{"lastBranch":3,"lastFunction":2,"lastStatement":10,"seen":{"s:6:26:6:Infinity":0,"f:12:16:12:25":0,"b:13:2:13:Infinity:undefined:undefined:undefined:undefined":0,"s:13:2:13:Infinity":1,"s:13:12:13:Infinity":2,"s:14:2:19:Infinity":3,"s:15:19:15:Infinity":4,"s:16:4:16:Infinity":5,"b:16:57:16:63:16:63:16:Infinity":1,"s:18:4:18:Infinity":6,"s:23:22:23:Infinity":7,"f:25:16:25:30":1,"s:26:18:26:Infinity":8,"s:27:2:27:Infinity":9,"b:27:39:27:49:27:49:27:Infinity":2}}}
}
